
> react-typescript-starter@0.1.0 test
> react-scripts test "--coverage"

  console.error
    Warning: validateDOMNesting(...): <div> cannot appear as a descendant of <p>.
        at div
        at /home/runner/work/cis-scheduler-team-29/cis-scheduler-team-29/node_modules/react-bootstrap/cjs/Stack.js:23:7
        at PlanList (/home/runner/work/cis-scheduler-team-29/cis-scheduler-team-29/src/Components/PlanList.tsx:7:5)
        at div
        at ShowHidePlans (/home/runner/work/cis-scheduler-team-29/cis-scheduler-team-29/src/Components/ShowHidePlans.tsx:10:30)
        at p
        at div
        at App

      at printWarning (node_modules/react-dom/cjs/react-dom.development.js:67:30)
      at error (node_modules/react-dom/cjs/react-dom.development.js:43:5)
      at validateDOMNesting (node_modules/react-dom/cjs/react-dom.development.js:10083:7)
      at createInstance (node_modules/react-dom/cjs/react-dom.development.js:10181:5)
      at completeWork (node_modules/react-dom/cjs/react-dom.development.js:19464:28)
      at completeUnitOfWork (node_modules/react-dom/cjs/react-dom.development.js:22812:16)
      at performUnitOfWork (node_modules/react-dom/cjs/react-dom.development.js:22787:5)

PASS src/App.test.tsx
  ✓ renders the course name somewhere (91 ms)

----------------------|---------|----------|---------|---------|-------------------
File                  | % Stmts | % Branch | % Funcs | % Lines | Uncovered Line #s 
----------------------|---------|----------|---------|---------|-------------------
All files             |   14.95 |        0 |    8.19 |   16.32 |                   
 src                  |     100 |      100 |     100 |     100 |                   
  App.tsx             |     100 |      100 |     100 |     100 |                   
 src/Components       |   14.15 |        0 |    6.66 |   15.46 |                   
  AddCourseTest.tsx   |       0 |        0 |       0 |       0 | 10-54             
  EditCourse.tsx      |       0 |      100 |       0 |       0 | 21-97             
  EditCourseModal.tsx |       0 |      100 |       0 |       0 | 7-25              
  ListCourses.tsx     |       0 |      100 |       0 |       0 | 9-18              
  PlanAdd.tsx         |      40 |      100 |   33.33 |      40 | 17-21,40          
  PlanList.tsx        |      50 |      100 |      50 |      50 | 16                
  PlanView.tsx        |       0 |      100 |       0 |       0 | 13-20             
  SemesterAdd.tsx     |       0 |        0 |       0 |       0 | 14-55             
  SemesterList.tsx    |       0 |      100 |       0 |       0 | 14-29             
  SemesterModal.tsx   |    7.69 |        0 |       0 |    9.09 | 10-32             
  SemesterView.tsx    |       0 |        0 |       0 |       0 | 14-26             
  ShowHidePlans.tsx   |   46.15 |        0 |   14.28 |      60 | 14-23             
  TableView.tsx       |      50 |      100 |      25 |      50 | 19-25,32          
 src/Interfaces       |       0 |        0 |       0 |       0 |                   
  Courses.ts          |       0 |        0 |       0 |       0 |                   
  Plan.ts             |       0 |        0 |       0 |       0 |                   
  Semester.ts         |       0 |        0 |       0 |       0 |                   
----------------------|---------|----------|---------|---------|-------------------
Test Suites: 1 passed, 1 total
Tests:       1 passed, 1 total
Snapshots:   0 total
Time:        3.94 s
Ran all test suites.
